proguard/seeds.txt
com.python4d.monsi.AutoResizeTextView: void setOnResizeListener(com.python4d.monsi.AutoResizeTextView$OnTextResizeListener)
com.python4d.monsi.AutoResizeTextView: void setTextSize(float)
com.python4d.monsi.AutoResizeTextView: void setMaxTextSize(float)
com.python4d.monsi.AutoResizeTextView: float getMaxTextSize()
com.python4d.monsi.AutoResizeTextView: void setMinTextSize(float)
com.python4d.monsi.AutoResizeTextView: float getMinTextSize()
com.python4d.monsi.AutoResizeTextView: void setAddEllipsis(boolean)
com.python4d.monsi.AutoResizeTextView: boolean getAddEllipsis()
com.python4d.monsi.MainActivity
com.python4d.monsi.MainActivity: MainActivity()
com.python4d.monsi.MainActivity: void Aide(android.view.MenuItem)
com.python4d.monsi.R$anim: int anim_bouton
com.python4d.monsi.R$anim: int anim_bouton_retourne
com.python4d.monsi.R$anim: int anim_textintro
com.python4d.monsi.R$attr: int adSize
com.python4d.monsi.R$attr: int adSizes
com.python4d.monsi.R$attr: int adUnitId
com.python4d.monsi.R$attr: int cameraBearing
com.python4d.monsi.R$attr: int cameraTargetLat
com.python4d.monsi.R$attr: int cameraTargetLng
com.python4d.monsi.R$attr: int cameraTilt
com.python4d.monsi.R$attr: int cameraZoom
com.python4d.monsi.R$attr: int mapType
com.python4d.monsi.R$attr: int uiCompass
com.python4d.monsi.R$attr: int uiRotateGestures
com.python4d.monsi.R$attr: int uiScrollGestures
com.python4d.monsi.R$attr: int uiTiltGestures
com.python4d.monsi.R$attr: int uiZoomControls
com.python4d.monsi.R$attr: int uiZoomGestures
com.python4d.monsi.R$attr: int useViewLifecycle
com.python4d.monsi.R$attr: int zOrderOnTop
com.python4d.monsi.R$color: int AliceBlue
com.python4d.monsi.R$color: int AntiqueWhite
com.python4d.monsi.R$color: int Aqua
com.python4d.monsi.R$color: int Aquamarine
com.python4d.monsi.R$color: int Azure
com.python4d.monsi.R$color: int Beige
com.python4d.monsi.R$color: int Bisque
com.python4d.monsi.R$color: int Black
com.python4d.monsi.R$color: int BlanchedAlmond
com.python4d.monsi.R$color: int Blue
com.python4d.monsi.R$color: int BlueViolet
com.python4d.monsi.R$color: int Brown
com.python4d.monsi.R$color: int BurlyWood
com.python4d.monsi.R$color: int CadetBlue
com.python4d.monsi.R$color: int Chartreuse
com.python4d.monsi.R$color: int Chocolate
com.python4d.monsi.R$color: int Coral
com.python4d.monsi.R$color: int CornflowerBlue
com.python4d.monsi.R$color: int Cornsilk
com.python4d.monsi.R$color: int Crimson
com.python4d.monsi.R$color: int Cyan
com.python4d.monsi.R$color: int DarkBlue
com.python4d.monsi.R$color: int DarkCyan
com.python4d.monsi.R$color: int DarkGoldenrod
com.python4d.monsi.R$color: int DarkGray
com.python4d.monsi.R$color: int DarkGreen
com.python4d.monsi.R$color: int DarkKhaki
com.python4d.monsi.R$color: int DarkMagenta
com.python4d.monsi.R$color: int DarkOliveGreen
com.python4d.monsi.R$color: int DarkOrange
com.python4d.monsi.R$color: int DarkOrchid
com.python4d.monsi.R$color: int DarkRed
com.python4d.monsi.R$color: int DarkSalmon
com.python4d.monsi.R$color: int DarkSeaGreen
com.python4d.monsi.R$color: int DarkSlateBlue
com.python4d.monsi.R$dimen: int activity_horizontal_margin
com.python4d.monsi.R$dimen: int activity_vertical_margin
com.python4d.monsi.R$dimen: int corner_radius
com.python4d.monsi.R$dimen: int extra_large_48dp
com.python4d.monsi.R$dimen: int large_24dp
com.python4d.monsi.R$dimen: int normal_12dp
com.python4d.monsi.R$dimen: int small_8dp
...
android.support.v4.app.BackStackState
android.support.v4.app.BackStackState: android.os.Parcelable$Creator CREATOR
android.support.v4.app.Fragment$SavedState
android.support.v4.app.Fragment$SavedState: android.os.Parcelable$Creator CREATOR
android.support.v4.app.FragmentManagerState
android.support.v4.app.FragmentManagerState: android.os.Parcelable$Creator CREATOR
android.support.v4.app.FragmentState
android.support.v4.app.FragmentState: android.os.Parcelable$Creator CREATOR
android.support.v4.app.FragmentTabHost: void setOnTabChangedListener(android.widget.TabHost$OnTabChangeListener)
android.support.v4.app.FragmentTabHost$SavedState
android.support.v4.app.FragmentTabHost$SavedState: android.os.Parcelable$Creator CREATOR
android.support.v4.content.ModernAsyncTask$Status: android.support.v4.content.ModernAsyncTask$Status[] values()
android.support.v4.content.ModernAsyncTask$Status: android.support.v4.content.ModernAsyncTask$Status valueOf(java.lang.String)
android.support.v4.view.PagerTabStrip: void setTabIndicatorColor(int)
android.support.v4.view.PagerTabStrip: void setTabIndicatorColorResource(int)
android.support.v4.view.PagerTabStrip: int getTabIndicatorColor()
android.support.v4.view.PagerTabStrip: void setTextSpacing(int)
android.support.v4.view.PagerTabStrip: void setBackgroundDrawable(android.graphics.drawable.Drawable)
android.support.v4.view.PagerTabStrip: void setBackgroundColor(int)
android.support.v4.view.PagerTabStrip: void setBackgroundResource(int)
android.support.v4.view.PagerTabStrip: void setDrawFullUnderline(boolean)
android.support.v4.view.PagerTabStrip: boolean getDrawFullUnderline()
android.support.v4.view.PagerTabStrip: int getMinHeight()
android.support.v4.view.PagerTitleStrip: void setSingleLineAllCaps(android.widget.TextView)
android.support.v4.view.PagerTitleStrip: void setTextSpacing(int)
android.support.v4.view.PagerTitleStrip: int getTextSpacing()
android.support.v4.view.PagerTitleStrip: void setNonPrimaryAlpha(float)
android.support.v4.view.PagerTitleStrip: void setTextColor(int)
android.support.v4.view.PagerTitleStrip: void setGravity(int)
android.support.v4.view.PagerTitleStrip: int getMinHeight()
android.support.v4.view.ViewPager: void setScrollState(int)
android.support.v4.view.ViewPager: void setAdapter(android.support.v4.view.PagerAdapter)
android.support.v4.view.ViewPager: android.support.v4.view.PagerAdapter getAdapter()
android.support.v4.view.ViewPager: void setOnAdapterChangeListener(android.support.v4.view.ViewPager$OnAdapterChangeListener)
android.support.v4.view.ViewPager: int getClientWidth()
android.support.v4.view.ViewPager: void setCurrentItem(int)
android.support.v4.view.ViewPager: int getCurrentItem()
android.support.v4.view.ViewPager: void setOnPageChangeListener(android.support.v4.view.ViewPager$OnPageChangeListener)
android.support.v4.view.ViewPager: void setChildrenDrawingOrderEnabledCompat(boolean)
android.support.v4.view.ViewPager: int getOffscreenPageLimit()
android.support.v4.view.ViewPager: void setOffscreenPageLimit(int)
android.support.v4.view.ViewPager: void setPageMargin(int)
android.support.v4.view.ViewPager: int getPageMargin()
android.support.v4.view.ViewPager: void setPageMarginDrawable(android.graphics.drawable.Drawable)
android.support.v4.view.ViewPager: void setPageMarginDrawable(int)
android.support.v4.view.ViewPager: void setScrollingCacheEnabled(boolean)
android.support.v4.view.ViewPager$SavedState
android.support.v4.view.ViewPager$SavedState: android.os.Parcelable$Creator CREATOR
android.support.v4.widget.DrawerLayout: void setScrimColor(int)
android.support.v4.widget.DrawerLayout: void setDrawerListener(android.support.v4.widget.DrawerLayout$DrawerListener)
android.support.v4.widget.DrawerLayout: void setDrawerLockMode(int)
android.support.v4.widget.DrawerLayout$SavedState
android.support.v4.widget.DrawerLayout$SavedState: android.os.Parcelable$Creator CREATOR