proguard/mapping.txt
com.python4d.monsi.FTPConnect -> com.python4d.monsi.a:
    com.python4d.monsi.MainActivity ma -> a
    android.app.AlertDialog$Builder Alert_getname -> b
    java.lang.String[] doInBackground(java.lang.Integer[]) -> a
    java.lang.Object doInBackground(java.lang.Object[]) -> doInBackground
com.python4d.monsi.FTPConnect$1 -> com.python4d.monsi.b:
    com.python4d.monsi.FTPConnect this$0 -> a
    void run() -> run
com.python4d.monsi.FTPConnect$2 -> com.python4d.monsi.c:
    com.python4d.monsi.FTPConnect this$0 -> a
    void run() -> run
    com.python4d.monsi.FTPConnect access$0(com.python4d.monsi.FTPConnect$2) -> a
com.python4d.monsi.FTPConnect$2$1 -> com.python4d.monsi.d:
    com.python4d.monsi.FTPConnect$2 this$1 -> a
    android.widget.EditText val$name_EditText -> b
    void onClick(android.content.DialogInterface,int) -> onClick
com.python4d.monsi.FTPConnect$2$2 -> com.python4d.monsi.e:
    com.python4d.monsi.FTPConnect$2 this$1 -> a
    void onClick(android.content.DialogInterface,int) -> onClick
com.python4d.monsi.FTPConnect$3 -> com.python4d.monsi.f:
    com.python4d.monsi.FTPConnect this$0 -> a
    void run() -> run
com.python4d.monsi.FTPConnect$4 -> com.python4d.monsi.g:
    com.python4d.monsi.FTPConnect this$0 -> a
    void run() -> run
com.python4d.monsi.MainActivity -> com.python4d.monsi.MainActivity:
    boolean pub -> a
    android.media.MediaPlayer mPlayer -> b
    boolean bPause -> c
    android.view.animation.Animation animBoutonRetourne -> D
    android.widget.SeekBar seekbarVolume -> d
    android.view.animation.Animation animTextIntro -> e
    android.widget.Button[] boutonsNomis -> f
    android.widget.Button boutonStart -> g
    android.widget.TextView textLevel -> h
    android.widget.TextView textScore -> i
    android.widget.TextView textTime -> j
    android.widget.TextView textIntro -> k
    android.widget.TextView textHighScore -> l
    android.widget.TextView textHighScoreWeb -> m
    android.widget.TextView textWebPython -> n
    android.widget.TextView textVolume -> o
    java.lang.String sBoutonTouche -> p
    int fFirstPush -> q
    int[] highscore -> r
    java.lang.String[] hs_web -> s
    android.content.SharedPreferences$Editor editor -> t
    android.content.SharedPreferences preferences -> u
    android.os.Handler customHandler -> v
    java.lang.String hs_name -> w
    com.python4d.monsi.FTPConnect ftp -> x
    android.view.View$OnClickListener textVolumeListener -> y
    android.widget.SeekBar$OnSeekBarChangeListener seekbarVolumeListener -> z
    android.view.View$OnClickListener textWebPythonListener -> A
    android.view.View$OnClickListener boutonNomisListener -> B
    android.view.View$OnClickListener firstboutonNomisListener -> C
com.python4d.monsi.MainActivity$1 -> com.python4d.monsi.h:
    com.python4d.monsi.MainActivity this$0 -> a
    void onClick(android.view.View) -> onClick
com.python4d.monsi.MainActivity$2 -> com.python4d.monsi.i:
    com.python4d.monsi.MainActivity this$0 -> a
    void onProgressChanged(android.widget.SeekBar,int,boolean) -> onProgressChanged
    void onStartTrackingTouch(android.widget.SeekBar) -> onStartTrackingTouch
    void onStopTrackingTouch(android.widget.SeekBar) -> onStopTrackingTouch
com.python4d.monsi.MainActivity$3 -> com.python4d.monsi.j:
    com.python4d.monsi.MainActivity this$0 -> a
    void onClick(android.view.View) -> onClick
com.python4d.monsi.MainActivity$4 -> com.python4d.monsi.k:
    com.python4d.monsi.MainActivity this$0 -> a
    void onClick(android.view.View) -> onClick
com.python4d.monsi.MainActivity$5 -> com.python4d.monsi.l:
    com.python4d.monsi.MainActivity this$0 -> a
    void onClick(android.view.View) -> onClick
com.python4d.monsi.MainActivity$6 -> com.python4d.monsi.m:
    com.python4d.monsi.MainActivity this$0 -> a
    void onClick(android.view.View) -> onClick
...
com.google.android.gms.internal.ha$d -> com.google.android.gms.internal.ha$d:
    com.google.android.gms.internal.hh CREATOR -> a
    java.util.HashMap zP -> b
    java.util.Set zQ -> c
    int kZ -> d
    java.lang.String Ap -> e
    java.lang.String Bq -> f
    java.lang.String As -> g
    java.lang.String Br -> h
    java.lang.String Bs -> i
    java.lang.String Bt -> j
    java.util.HashMap bQ() -> b
    java.util.Set eF() -> e
    int getVersionCode() -> f
    java.lang.String getFamilyName() -> g
    java.lang.String getFormatted() -> h
    java.lang.String getGivenName() -> i
    java.lang.String getHonorificPrefix() -> j
    java.lang.String getHonorificSuffix() -> k
    java.lang.String getMiddleName() -> l
    int describeContents() -> describeContents
    void writeToParcel(android.os.Parcel,int) -> writeToParcel
    java.lang.Object J(java.lang.String) -> a
    boolean K(java.lang.String) -> b
    boolean a(com.google.android.gms.internal.ee$a) -> a
    java.lang.Object b(com.google.android.gms.internal.ee$a) -> b
    com.google.android.gms.internal.ha$d fp() -> m
    int hashCode() -> hashCode
    boolean equals(java.lang.Object) -> equals
    java.lang.Object freeze() -> a
com.google.android.gms.internal.ha$f -> com.google.android.gms.internal.ha$f:
    com.google.android.gms.internal.hi CREATOR -> a
    java.util.HashMap zP -> b
    java.util.Set zQ -> c
    int kZ -> d
    java.lang.String Bu -> e
    java.lang.String pZ -> f
    java.lang.String Ao -> g
    java.lang.String Bv -> h
    java.lang.String mName -> i
    boolean Bw -> j
    java.lang.String AE -> k
    java.lang.String oa -> l
    int lP -> m
    java.util.HashMap bQ() -> b
    java.util.Set eF() -> e
    int getVersionCode() -> f
    java.lang.String getDepartment() -> g
    java.lang.String getDescription() -> h
    java.lang.String getEndDate() -> i
    java.lang.String getLocation() -> j
    java.lang.String getName() -> k
    boolean isPrimary() -> l
    java.lang.String getStartDate() -> m
    java.lang.String getTitle() -> n
    int getType() -> o
    int describeContents() -> describeContents
    void writeToParcel(android.os.Parcel,int) -> writeToParcel
    java.lang.Object J(java.lang.String) -> a
    boolean K(java.lang.String) -> b
    boolean a(com.google.android.gms.internal.ee$a) -> a
    java.lang.Object b(com.google.android.gms.internal.ee$a) -> b
    com.google.android.gms.internal.ha$f fq() -> p
    int hashCode() -> hashCode
    boolean equals(java.lang.Object) -> equals
    java.lang.Object freeze() -> a
com.google.android.gms.internal.ha$g -> com.google.android.gms.internal.ha$g:
    com.google.android.gms.internal.hj CREATOR -> a
    java.util.HashMap zP -> b
    java.util.Set zQ -> c
    int kZ -> d
    boolean Bw -> e
    java.lang.String mValue -> f
    java.util.HashMap bQ() -> b
    java.util.Set eF() -> e
    int getVersionCode() -> f
    boolean isPrimary() -> g
    java.lang.String getValue() -> h
    int describeContents() -> describeContents
    void writeToParcel(android.os.Parcel,int) -> writeToParcel
    java.lang.Object J(java.lang.String) -> a
    boolean K(java.lang.String) -> b
    boolean a(com.google.android.gms.internal.ee$a) -> a
    java.lang.Object b(com.google.android.gms.internal.ee$a) -> b
    com.google.android.gms.internal.ha$g fr() -> i
    int hashCode() -> hashCode
    boolean equals(java.lang.Object) -> equals
    java.lang.Object freeze() -> a