proguard/usage.txt
com.python4d.monsi.AutoResizeTextView
com.python4d.monsi.AutoResizeTextView$OnTextResizeListener
com.python4d.monsi.BuildConfig
com.python4d.monsi.R
com.python4d.monsi.R$anim
com.python4d.monsi.R$attr
com.python4d.monsi.R$color
com.python4d.monsi.R$dimen
com.python4d.monsi.R$drawable
com.python4d.monsi.R$id
com.python4d.monsi.R$integer
com.python4d.monsi.R$layout
com.python4d.monsi.R$menu
com.python4d.monsi.R$raw
com.python4d.monsi.R$string
com.python4d.monsi.R$style
com.python4d.monsi.R$styleable
com.python4d.monsi.Utils:
    protected static final int REQUEST_GOOGLE_PLAY_SERVICES
    protected static final int SERVICE_MISSING
...
com.google.android.gms.games.leaderboard.LeaderboardScore
com.google.android.gms.games.leaderboard.LeaderboardScoreBuffer
com.google.android.gms.games.leaderboard.LeaderboardVariant
com.google.android.gms.games.leaderboard.OnLeaderboardMetadataLoadedListener
com.google.android.gms.games.leaderboard.OnLeaderboardScoresLoadedListener
com.google.android.gms.games.leaderboard.OnPlayerLeaderboardScoreLoadedListener
com.google.android.gms.games.leaderboard.OnScoreSubmittedListener
com.google.android.gms.games.leaderboard.SubmitScoreResult
com.google.android.gms.games.leaderboard.SubmitScoreResult$Result
com.google.android.gms.games.leaderboard.a
com.google.android.gms.games.leaderboard.b
com.google.android.gms.games.leaderboard.c
com.google.android.gms.games.leaderboard.d
com.google.android.gms.games.leaderboard.e
com.google.android.gms.games.leaderboard.f
com.google.android.gms.games.leaderboard.g
com.google.android.gms.games.leaderboard.h
com.google.android.gms.games.leaderboard.h$a
com.google.android.gms.games.leaderboard.h$b
com.google.android.gms.games.leaderboard.h$c
com.google.android.gms.games.leaderboard.h$d
com.google.android.gms.games.leaderboard.i
com.google.android.gms.games.leaderboard.i$a
com.google.android.gms.games.multiplayer.Invitation:
    public static final int INVITATION_TYPE_REAL_TIME
    public static final int INVITATION_TYPE_TURN_BASED
com.google.android.gms.games.multiplayer.InvitationBuffer
com.google.android.gms.games.multiplayer.InvitationEntity:
    public boolean isDataValid()
com.google.android.gms.games.multiplayer.OnInvitationReceivedListener
com.google.android.gms.games.multiplayer.OnInvitationsLoadedListener
com.google.android.gms.games.multiplayer.Participant:
    public static final int STATUS_NOT_INVITED_YET
    public static final int STATUS_INVITED
    public static final int STATUS_JOINED
    public static final int STATUS_DECLINED
    public static final int STATUS_LEFT
    public static final int STATUS_FINISHED
    public static final int STATUS_UNRESPONSIVE
    public abstract void getDisplayName(android.database.CharArrayBuffer)
com.google.android.gms.games.multiplayer.ParticipantBuffer
com.google.android.gms.games.multiplayer.ParticipantEntity:
    public void getDisplayName(android.database.CharArrayBuffer)
    public boolean isDataValid()
com.google.android.gms.games.multiplayer.ParticipantResult:
    public static final int MATCH_RESULT_UNINITIALIZED
    public static final int MATCH_RESULT_WIN
    public static final int MATCH_RESULT_LOSS
    public static final int MATCH_RESULT_TIE
    public static final int MATCH_RESULT_NONE
    public static final int MATCH_RESULT_DISCONNECT
    public static final int MATCH_RESULT_DISAGREED
    public static final int PLACING_UNINITIALIZED
com.google.android.gms.games.multiplayer.ParticipantResultCreator:
    public static final int CONTENT_DESCRIPTION
com.google.android.gms.games.multiplayer.ParticipantUtils
com.google.android.gms.games.multiplayer.b:
    b(com.google.android.gms.common.data.DataHolder,int,int)
com.google.android.gms.games.multiplayer.c
com.google.android.gms.games.multiplayer.c$a
com.google.android.gms.games.multiplayer.e:
    public void getDisplayName(android.database.CharArrayBuffer)
com.google.android.gms.games.multiplayer.realtime.RealTimeMessage:
    public static final int UNRELIABLE
    public static final int RELIABLE
    public java.lang.String getSenderParticipantId()
    public byte[] getMessageData()
    public boolean isReliable()
com.google.android.gms.games.multiplayer.realtime.RealTimeMessageReceivedListener
com.google.android.gms.games.multiplayer.realtime.RealTimeReliableMessageSentListener
com.google.android.gms.games.multiplayer.realtime.RealTimeSocket